********************************************************************************
PACKAGE-LOG: 2014-08-26 13:03:53
NOTICE: Do NOT post to public sites or forums 
********************************************************************************
VERSION:	0.5.6
WORDPRESS:	3.9.2
PHP INFO:	5.4.31 | SAPI: cgi-fcgi
SERVER:		Apache mod_fcgid/2.3.10-dev 
PHP TIME LIMIT: (0) no time limit imposed 
PHP MAX MEMORY: 5000M (64M default) 

********************************************************************************
DATABASE:
********************************************************************************
BUILD MODE:   PHP
MYSQLDUMP:    Is Supported
MYSQLTIMEOUT: 5000 
TABLES: total:13 | filtered:0 | create:13 
FILTERED: [] 
wp_commentmeta (0) 
wp_comments (1) 
wp_duplicator_packages (1) 
wp_jsct (1) 
wp_links (0) 
wp_options (168) 
wp_postmeta (184) 
wp_posts (66) 
wp_term_relationships (17) 
wp_term_taxonomy (3) 
wp_terms (3) 
wp_usermeta (33) 
wp_users (2) 
SQL CREATED: 20140826_couriermanagement_53fc85ac7ea806140140826130340_database.sql 
SQL FILE SIZE: 457.09KB 
SQL RUNTIME: 0.46 sec. 

******************************************************************************** 
ARCHIVE (ZIP): 
******************************************************************************** 
ARCHIVE DIR:  /home/sce2014/public_html/scet.sg/courier 
ARCHIVE FILE: 20140826_couriermanagement_53fc85ac7ea806140140826130340_archive.zip 
FILTERS: *OFF* 
DIRS:  not set 
EXTS:  not set 
---------------------------------------- 
COMPRESSING 
SIZE:	99.22MB 
STATS:	Dirs 247 | Files 2,288 | Links 0 
SQL ADDED: 20140826_couriermanagement_53fc85ac7ea806140140826130340_database.sql 
WARNING: Unable to zip directory: '/home/sce2014/public_html/scet.sg/courier' 
ZipArchive Object
(
    [status] => 0
    [statusSys] => 0
    [numFiles] => 2535
    [filename] => /home/sce2014/public_html/scet.sg/courier/wp-snapshots/tmp/20140826_couriermanagement_53fc85ac7ea806140140826130340_archive.zip
    [comment] => 
)
 
COMPRESSION RESULT: '1' 
COMPRESSED SIZE: 65.67MB 
ARCHIVE RUNTIME: 167.89 sec. 

******************************************************************************** 
INSTALLER: 
******************************************************************************** 
INSTALLER FILE: Build Start 
INSTALLER FILE: Build Finished 
INSTALLER FILE: Preping for use 
INSTALLER FILE: Template parsed with new data 
INSTALLER FILE: Complete [/home/sce2014/public_html/scet.sg/courier/wp-snapshots/tmp/20140826_couriermanagement_53fc85ac7ea806140140826130340_installer.php] 
INSTALLER FILE: Added to archive 

********************************************************************************
RECORD ID:[1]
FILE SIZE: Archive:65.67MB | SQL:457.09KB | Installer:413.98KB
TOTAL PROCESS RUNTIME: 239.36 sec.
DONE PROCESSING => 20140826_couriermanagement 2014-08-26 13:07:52
********************************************************************************
 
